<?xml version="1.0" encoding="UTF-8"?>
<!-- Generated by org.testng.reporters.JUnitReportReporter -->
<testsuite hostname="DESKTOP-QMO9A9N" name="guoxiaoli.Demo" tests="7" failures="0" timestamp="18 Dec 2019 07:05:24 GMT" time="723.336" errors="0">
  <testcase name="bagbuy" time="58.795" classname="guoxiaoli.Demo"/>
  <testcase name="bagcart" time="72.346" classname="guoxiaoli.Demo"/>
  <testcase name="backstage" time="46.556" classname="guoxiaoli.Demo"/>
  <testcase name="jiajubuy" time="46.308" classname="guoxiaoli.Demo"/>
  <testcase name="foodcart" time="115.977" classname="guoxiaoli.Demo"/>
  <testcase name="foodbuy" time="46.416" classname="guoxiaoli.Demo"/>
  <testcase name="jiajucart" time="336.938" classname="guoxiaoli.Demo"/>
</testsuite> <!-- guoxiaoli.Demo -->
