<?xml version="1.0" encoding="UTF-8"?>
<!-- Generated by org.testng.reporters.JUnitReportReporter -->
<testsuite hostname="DESKTOP-QMO9A9N" name="guoxiaoli.testcase.LoginPageTest" tests="1" failures="0" timestamp="28 Apr 2020 00:47:32 GMT" time="12.269" errors="0">
  <testcase name="loginsuccess" time="12.269" classname="guoxiaoli.testcase.LoginPageTest"/>
</testsuite> <!-- guoxiaoli.testcase.LoginPageTest -->
