<?xml version="1.0" encoding="UTF-8"?>
<!-- Generated by org.testng.reporters.JUnitReportReporter -->
<testsuite hostname="DESKTOP-QMO9A9N" name="guoxiaoli.testcase.ForgetPageTest" tests="1" failures="0" timestamp="24 Apr 2020 03:36:34 GMT" time="10.795" errors="0">
  <testcase name="feditsuccess" time="10.795" classname="guoxiaoli.testcase.ForgetPageTest"/>
</testsuite> <!-- guoxiaoli.testcase.ForgetPageTest -->
