<?xml version="1.0" encoding="UTF-8"?>
<!-- Generated by org.testng.reporters.JUnitReportReporter -->
<testsuite hostname="LAPTOP-F5KEPJ0F" name="com.NewTest" tests="1" failures="0" timestamp="16 May 2019 23:56:50 GMT" time="15.985" errors="0">
  <testcase name="login" time="15.985" classname="com.NewTest"/>
</testsuite> <!-- com.NewTest -->
