<?xml version="1.0" encoding="UTF-8"?>
<!-- Generated by org.testng.reporters.JUnitReportReporter -->
<testsuite hostname="LAPTOP-F5KEPJ0F" name="com.Mail" tests="1" failures="0" timestamp="24 May 2019 01:26:36 GMT" time="19.271" errors="0">
  <testcase name="sendMail" time="19.271" classname="com.Mail"/>
</testsuite> <!-- com.Mail -->
