<?xml version="1.0" encoding="UTF-8"?>
<!-- Generated by org.testng.reporters.JUnitReportReporter -->
<testsuite hostname="LAPTOP-F5KEPJ0F" name="com.Demo1" tests="1" failures="0" timestamp="24 May 2019 01:23:42 GMT" time="0.009" errors="0">
  <testcase name="test1" time="0.009" classname="com.Demo1"/>
</testsuite> <!-- com.Demo1 -->
