<?xml version="1.0" encoding="UTF-8"?>
<!-- Generated by org.testng.reporters.JUnitReportReporter -->
<testsuite hostname="LAPTOP-F5KEPJ0F" name="com.sendMail" tests="1" failures="0" timestamp="13 Nov 2019 07:10:50 GMT" time="23.488" errors="0">
  <testcase name="toMail" time="23.488" classname="com.sendMail"/>
</testsuite> <!-- com.sendMail -->
