<?xml version="1.0" encoding="UTF-8"?>
<!-- Generated by org.testng.reporters.JUnitReportReporter -->
<testsuite hostname="DESKTOP-JPJNQK1" name="training.SendMail" tests="1" failures="0" timestamp="12 Nov 2019 07:16:31 GMT" time="18.968" errors="0">
  <testcase name="test1" time="18.968" classname="training.SendMail"/>
</testsuite> <!-- training.SendMail -->
