<?xml version="1.0" encoding="UTF-8"?>
<!-- Generated by org.testng.reporters.JUnitReportReporter -->
<testsuite hostname="DESKTOP-JPJNQK1" name="rest.Rest" tests="1" failures="0" timestamp="26 Sep 2019 03:13:59 GMT" time="2.376" errors="0">
  <testcase name="getDemo2" time="2.376" classname="rest.Rest"/>
</testsuite> <!-- rest.Rest -->
