<?xml version="1.0" encoding="UTF-8"?>
<!-- Generated by org.testng.reporters.JUnitReportReporter -->
<testsuite hostname="DESKTOP-QMO9A9N" name="guoxiaoli.Demo1" tests="44" failures="0" timestamp="18 Dec 2019 01:47:34 GMT" time="607.222" errors="0">
  <testcase name="login" time="11.310" classname="guoxiaoli.Demo1"/>
  <testcase name="freight" time="11.859" classname="guoxiaoli.Demo1"/>
  <testcase name="freight" time="5.036" classname="guoxiaoli.Demo1"/>
  <testcase name="setback" time="6.254" classname="guoxiaoli.Demo1"/>
  <testcase name="setpassowrd" time="6.343" classname="guoxiaoli.Demo1"/>
  <testcase name="freight" time="15.494" classname="guoxiaoli.Demo1"/>
  <testcase name="freight" time="12.567" classname="guoxiaoli.Demo1"/>
  <testcase name="addarticle" time="21.941" classname="guoxiaoli.Demo1"/>
  <testcase name="takeself" time="20.815" classname="guoxiaoli.Demo1"/>
  <testcase name="addarticle" time="21.005" classname="guoxiaoli.Demo1"/>
  <testcase name="delivery" time="18.607" classname="guoxiaoli.Demo1"/>
  <testcase name="addarticle" time="21.862" classname="guoxiaoli.Demo1"/>
  <testcase name="setpassowrd" time="6.392" classname="guoxiaoli.Demo1"/>
  <testcase name="takeself" time="14.672" classname="guoxiaoli.Demo1"/>
  <testcase name="addarticle" time="22.323" classname="guoxiaoli.Demo1"/>
  <testcase name="setshop" time="6.351" classname="guoxiaoli.Demo1"/>
  <testcase name="takeself" time="22.085" classname="guoxiaoli.Demo1"/>
  <testcase name="setquit" time="6.214" classname="guoxiaoli.Demo1"/>
  <testcase name="setpassowrd" time="6.318" classname="guoxiaoli.Demo1"/>
  <testcase name="setnav" time="6.782" classname="guoxiaoli.Demo1"/>
  <testcase name="delivery" time="14.951" classname="guoxiaoli.Demo1"/>
  <testcase name="takeself" time="12.357" classname="guoxiaoli.Demo1"/>
  <testcase name="addarticle" time="21.979" classname="guoxiaoli.Demo1"/>
  <testcase name="freight" time="11.706" classname="guoxiaoli.Demo1"/>
  <testcase name="takeself" time="12.070" classname="guoxiaoli.Demo1"/>
  <testcase name="setpassowrd" time="6.349" classname="guoxiaoli.Demo1"/>
  <testcase name="addarticle" time="21.970" classname="guoxiaoli.Demo1"/>
  <testcase name="addarticle" time="20.759" classname="guoxiaoli.Demo1"/>
  <testcase name="addarticle" time="21.477" classname="guoxiaoli.Demo1"/>
  <testcase name="takeself" time="12.094" classname="guoxiaoli.Demo1"/>
  <testcase name="freight" time="13.146" classname="guoxiaoli.Demo1"/>
  <testcase name="takeself" time="19.495" classname="guoxiaoli.Demo1"/>
  <testcase name="xitong" time="6.883" classname="guoxiaoli.Demo1"/>
  <testcase name="addarticle" time="20.758" classname="guoxiaoli.Demo1"/>
  <testcase name="addarticle" time="22.244" classname="guoxiaoli.Demo1"/>
  <testcase name="db" time="8.357" classname="guoxiaoli.Demo1"/>
  <testcase name="takeself" time="12.024" classname="guoxiaoli.Demo1"/>
  <testcase name="setpassowrd" time="6.316" classname="guoxiaoli.Demo1"/>
  <testcase name="freight" time="13.870" classname="guoxiaoli.Demo1"/>
  <testcase name="delivery" time="14.911" classname="guoxiaoli.Demo1"/>
  <testcase name="setpassowrd" time="6.361" classname="guoxiaoli.Demo1"/>
  <testcase name="setpassowrd" time="6.240" classname="guoxiaoli.Demo1"/>
  <testcase name="netset" time="14.116" classname="guoxiaoli.Demo1"/>
  <testcase name="takeself" time="22.559" classname="guoxiaoli.Demo1"/>
</testsuite> <!-- guoxiaoli.Demo1 -->
