<?xml version="1.0" encoding="UTF-8"?>
<!-- Generated by org.testng.reporters.JUnitReportReporter -->
<testsuite hostname="DESKTOP-QMO9A9N" name="guoxiaoli.Demo" tests="7" failures="0" timestamp="18 Dec 2019 01:47:34 GMT" time="509.425" errors="0">
  <testcase name="foodcart" time="60.300" classname="guoxiaoli.Demo"/>
  <testcase name="bagcart" time="73.482" classname="guoxiaoli.Demo"/>
  <testcase name="bagbuy" time="44.352" classname="guoxiaoli.Demo"/>
  <testcase name="jiajucart" time="200.442" classname="guoxiaoli.Demo"/>
  <testcase name="backstage" time="37.891" classname="guoxiaoli.Demo"/>
  <testcase name="jiajubuy" time="46.724" classname="guoxiaoli.Demo"/>
  <testcase name="foodbuy" time="46.234" classname="guoxiaoli.Demo"/>
</testsuite> <!-- guoxiaoli.Demo -->
