<?xml version="1.0" encoding="UTF-8"?>
<!-- Generated by org.testng.reporters.JUnitReportReporter -->
<testsuite hostname="LAPTOP-F5KEPJ0F" name="ch0918.changjing5" tests="1" failures="0" timestamp="18 Dec 2019 02:06:08 GMT" time="0.454" errors="0">
  <testcase name="testChangjing" time="0.454" classname="ch0918.changjing5"/>
</testsuite> <!-- ch0918.changjing5 -->
