<?xml version="1.0" encoding="UTF-8"?>
<!-- Generated by org.testng.reporters.JUnitReportReporter -->
<testsuite hostname="LAPTOP-F5KEPJ0F" name="ch0918.deleteaddress1" tests="1" failures="0" timestamp="17 Dec 2019 07:06:00 GMT" time="0.610" errors="0">
  <testcase name="test1" time="0.610" classname="ch0918.deleteaddress1"/>
</testsuite> <!-- ch0918.deleteaddress1 -->
