<?xml version="1.0" encoding="UTF-8"?>
<!-- Generated by org.testng.reporters.JUnitReportReporter -->
<testsuite hostname="LAPTOP-F5KEPJ0F" name="ch0919.LookuppriceTest" tests="1" failures="0" timestamp="19 Sep 2019 03:00:24 GMT" time="1.002" errors="0">
  <testcase name="testSuccess" time="1.002" classname="ch0919.LookuppriceTest"/>
</testsuite> <!-- ch0919.LookuppriceTest -->
