<?xml version="1.0" encoding="UTF-8"?>
<!-- Generated by org.testng.reporters.JUnitReportReporter -->
<testsuite hostname="LAPTOP-F5KEPJ0F" name="ch0918.getFee" tests="2" failures="0" timestamp="18 Dec 2019 01:59:04 GMT" time="0.635" errors="0">
  <testcase name="getfee2" time="0.026" classname="ch0918.getFee"/>
  <testcase name="getfee1" time="0.609" classname="ch0918.getFee"/>
</testsuite> <!-- ch0918.getFee -->
