<?xml version="1.0" encoding="UTF-8"?>
<!-- Generated by org.testng.reporters.JUnitReportReporter -->
<testsuite hostname="LAPTOP-F5KEPJ0F" name="ch0918.LoginTest" tests="2" failures="0" timestamp="18 Dec 2019 01:48:02 GMT" time="1.208" errors="0">
  <testcase name="testLoginSuccess" time="0.022" classname="ch0918.LoginTest"/>
  <testcase name="testLoginFail" time="1.186" classname="ch0918.LoginTest"/>
</testsuite> <!-- ch0918.LoginTest -->
