<?xml version="1.0" encoding="UTF-8"?>
<!-- Generated by org.testng.reporters.JUnitReportReporter -->
<testsuite hostname="LAPTOP-F5KEPJ0F" name="ch0918.Submit1" tests="1" failures="0" timestamp="18 Dec 2019 06:57:56 GMT" time="1.047" errors="0">
  <testcase name="testSubmitSuccess" time="1.047" classname="ch0918.Submit1"/>
</testsuite> <!-- ch0918.Submit1 -->
