<?xml version="1.0" encoding="UTF-8"?>
<!-- Generated by org.testng.reporters.JUnitReportReporter -->
<testsuite hostname="LAPTOP-F5KEPJ0F" name="ch1218.addAddress1" tests="1" failures="0" timestamp="18 Dec 2019 07:35:22 GMT" time="0.920" errors="0">
  <testcase name="test1" time="0.920" classname="ch1218.addAddress1"/>
</testsuite> <!-- ch1218.addAddress1 -->
