<?xml version="1.0" encoding="UTF-8"?>
<!-- Generated by org.testng.reporters.JUnitReportReporter -->
<testsuite hostname="LAPTOP-F5KEPJ0F" name="ch0918.changjing4" tests="1" failures="0" timestamp="18 Dec 2019 02:05:25 GMT" time="0.486" errors="0">
  <testcase name="testChangjing" time="0.486" classname="ch0918.changjing4"/>
</testsuite> <!-- ch0918.changjing4 -->
