<?xml version="1.0" encoding="UTF-8"?>
<!-- Generated by org.testng.reporters.JUnitReportReporter -->
<testsuite hostname="LAPTOP-F5KEPJ0F" name="ch0918.getAddress" tests="3" failures="0" timestamp="18 Dec 2019 06:56:48 GMT" time="2.403" errors="0">
  <testcase name="test2" time="0.843" classname="ch0918.getAddress"/>
  <testcase name="test3" time="0.031" classname="ch0918.getAddress"/>
  <testcase name="test1" time="1.529" classname="ch0918.getAddress"/>
</testsuite> <!-- ch0918.getAddress -->
