<?xml version="1.0" encoding="UTF-8"?>
<!-- Generated by org.testng.reporters.JUnitReportReporter -->
<testsuite hostname="LAPTOP-F5KEPJ0F" name="ch0918.AddAddress" tests="1" failures="0" timestamp="11 Dec 2019 01:12:43 GMT" time="0.373" errors="0">
  <testcase name="test1" time="0.373" classname="ch0918.AddAddress"/>
</testsuite> <!-- ch0918.AddAddress -->
