<?xml version="1.0" encoding="UTF-8"?>
<!-- Generated by org.testng.reporters.JUnitReportReporter -->
<testsuite hostname="LAPTOP-F5KEPJ0F" name="ch0918.SkulistTest" tests="1" failures="0" timestamp="11 Dec 2019 06:25:21 GMT" time="0.701" errors="0">
  <testcase name="test2" time="0.701" classname="ch0918.SkulistTest"/>
</testsuite> <!-- ch0918.SkulistTest -->
