<?xml version="1.0" encoding="UTF-8"?>
<!-- Generated by org.testng.reporters.JUnitReportReporter -->
<testsuite hostname="LAPTOP-F5KEPJ0F" name="ch0918.getsku" tests="2" failures="0" timestamp="17 Dec 2019 07:05:42 GMT" time="0.390" errors="0">
  <testcase name="test2" time="0.015" classname="ch0918.getsku"/>
  <testcase name="test1" time="0.375" classname="ch0918.getsku"/>
</testsuite> <!-- ch0918.getsku -->
