<?xml version="1.0" encoding="UTF-8"?>
<!-- Generated by org.testng.reporters.JUnitReportReporter -->
<testsuite hostname="LAPTOP-F5KEPJ0F" name="ch0918.changjing" tests="1" failures="0" timestamp="16 Dec 2019 08:56:17 GMT" time="1.363" errors="0">
  <testcase name="testChangjing" time="1.363" classname="ch0918.changjing"/>
</testsuite> <!-- ch0918.changjing -->
