<?xml version="1.0" encoding="UTF-8"?>
<!-- Generated by org.testng.reporters.JUnitReportReporter -->
<testsuite hostname="LAPTOP-F5KEPJ0F" name="ch0918.changjing1" tests="1" failures="0" timestamp="17 Dec 2019 07:05:25 GMT" time="0.402" errors="0">
  <testcase name="test3" time="0.402" classname="ch0918.changjing1"/>
</testsuite> <!-- ch0918.changjing1 -->
