<?xml version="1.0" encoding="UTF-8"?>
<!-- Generated by org.testng.reporters.JUnitReportReporter -->
<testsuite hostname="LAPTOP-F5KEPJ0F" name="ch0918.DeleteAddress" tests="1" failures="0" timestamp="25 Sep 2019 09:35:14 GMT" time="0.622" errors="0">
  <testcase name="test1" time="0.622" classname="ch0918.DeleteAddress"/>
</testsuite> <!-- ch0918.DeleteAddress -->
